<?xml version="1.0" encoding="UTF-8"?>
<!-- Generated by org.testng.reporters.JUnitReportReporter -->
<testsuite hostname="DESKTOP-EDMIQE5" name="NewSeleneseIT" tests="10" failures="0" timestamp="12 Feb 2021 03:28:26 GMT" time="49.360" errors="0">
  <testcase name="test8Sqrt" time="4.474" classname="NewSeleneseIT"/>
  <testcase name="test4Divide" time="6.673" classname="NewSeleneseIT"/>
  <testcase name="test2Subtract" time="5.732" classname="NewSeleneseIT"/>
  <testcase name="test7Factorial" time="4.483" classname="NewSeleneseIT"/>
  <testcase name="test1Add" time="7.914" classname="NewSeleneseIT"/>
  <testcase name="test6Fibonacci" time="4.471" classname="NewSeleneseIT"/>
  <testcase name="test5ClearSimple" time="2.209" classname="NewSeleneseIT"/>
  <testcase name="test91ClearAdvanced" time="2.309" classname="NewSeleneseIT"/>
  <testcase name="test90Power" time="4.440" classname="NewSeleneseIT"/>
  <testcase name="test3Multiply" time="6.655" classname="NewSeleneseIT"/>
</testsuite> <!-- NewSeleneseIT -->
